2024-01-05 22:35:25,209 INFO  [org.jboss.modules] (main) JBoss Modules version 1.12.0.Final
2024-01-05 22:35:28,312 INFO  [org.jboss.msc] (main) JBoss MSC version 1.4.13.Final
2024-01-05 22:35:28,325 INFO  [org.jboss.threads] (main) JBoss Threads version 2.4.0.Final
2024-01-05 22:35:28,509 INFO  [org.jboss.as] (MSC service thread 1-2) WFLYSRV0049: WildFly Preview 25.0.0.Final (WildFly Core 17.0.1.Final) starting
2024-01-05 22:35:28,511 DEBUG [org.jboss.as.config] (MSC service thread 1-2) Configured system properties:
	[Standalone] = 
	file.encoding = UTF-8
	file.separator = /
	java.awt.headless = true
	java.class.path = /mnt/c/Users/roman/lab4/wildfly/jboss-modules.jar
	java.class.version = 61.0
	java.home = /usr/lib/jvm/java-17-openjdk-amd64
	java.io.tmpdir = /tmp
	java.library.path = /usr/java/packages/lib:/usr/lib/x86_64-linux-gnu/jni:/lib/x86_64-linux-gnu:/usr/lib/x86_64-linux-gnu:/usr/lib/jni:/lib:/usr/lib
	java.net.preferIPv4Stack = true
	java.runtime.name = OpenJDK Runtime Environment
	java.runtime.version = 17.0.9+9-Ubuntu-122.04
	java.specification.name = Java Platform API Specification
	java.specification.vendor = Oracle Corporation
	java.specification.version = 17
	java.util.logging.manager = org.jboss.logmanager.LogManager
	java.vendor = Private Build
	java.vendor.url = Unknown
	java.vendor.url.bug = Unknown
	java.version = 17.0.9
	java.version.date = 2023-10-17
	java.vm.compressedOopsMode = 32-bit
	java.vm.info = mixed mode, sharing
	java.vm.name = OpenJDK 64-Bit Server VM
	java.vm.specification.name = Java Virtual Machine Specification
	java.vm.specification.vendor = Oracle Corporation
	java.vm.specification.version = 17
	java.vm.vendor = Private Build
	java.vm.version = 17.0.9+9-Ubuntu-122.04
	javax.management.builder.initial = org.jboss.as.jmx.PluggableMBeanServerBuilder
	jboss.home.dir = /mnt/c/Users/roman/lab4/wildfly
	jboss.host.name = roman
	jboss.modules.dir = /mnt/c/Users/roman/lab4/wildfly/modules
	jboss.modules.system.pkgs = org.jboss.byteman
	jboss.node.name = roman
	jboss.qualified.host.name = roman
	jboss.server.base.dir = /mnt/c/Users/roman/lab4/wildfly/standalone
	jboss.server.config.dir = /mnt/c/Users/roman/lab4/wildfly/standalone/configuration
	jboss.server.data.dir = /mnt/c/Users/roman/lab4/wildfly/standalone/data
	jboss.server.deploy.dir = /mnt/c/Users/roman/lab4/wildfly/standalone/data/content
	jboss.server.log.dir = /mnt/c/Users/roman/lab4/wildfly/standalone/log
	jboss.server.name = roman
	jboss.server.persist.config = true
	jboss.server.temp.dir = /mnt/c/Users/roman/lab4/wildfly/standalone/tmp
	jdk.debug = release
	line.separator = 

	logging.configuration = file:/mnt/c/Users/roman/lab4/wildfly/standalone/configuration/logging.properties
	module.path = /mnt/c/Users/roman/lab4/wildfly/modules
	native.encoding = UTF-8
	org.jboss.boot.log.file = /mnt/c/Users/roman/lab4/wildfly/standalone/log/server.log
	org.jboss.resolver.warning = true
	os.arch = amd64
	os.name = Linux
	os.version = 5.15.133.1-microsoft-standard-WSL2
	path.separator = :
	sun.arch.data.model = 64
	sun.boot.library.path = /usr/lib/jvm/java-17-openjdk-amd64/lib
	sun.cpu.endian = little
	sun.io.unicode.encoding = UnicodeLittle
	sun.java.command = /mnt/c/Users/roman/lab4/wildfly/jboss-modules.jar -mp /mnt/c/Users/roman/lab4/wildfly/modules org.jboss.as.standalone -Djboss.home.dir=/mnt/c/Users/roman/lab4/wildfly -Djboss.server.base.dir=/mnt/c/Users/roman/lab4/wildfly/standalone
	sun.java.launcher = SUN_STANDARD
	sun.jnu.encoding = UTF-8
	sun.management.compiler = HotSpot 64-Bit Tiered Compilers
	sun.stderr.encoding = UTF-8
	sun.stdout.encoding = UTF-8
	user.dir = /mnt/c/Users/roman/lab4/wildfly/bin
	user.home = /home/roman
	user.language = en
	user.name = roman
	user.timezone = Europe/Moscow
2024-01-05 22:35:28,513 DEBUG [org.jboss.as.config] (MSC service thread 1-2) VM Arguments: -D[Standalone] -Xms64m -Xmx512m -XX:MetaspaceSize=96M -XX:MaxMetaspaceSize=256m -Djava.net.preferIPv4Stack=true -Djboss.modules.system.pkgs=org.jboss.byteman -Djava.awt.headless=true --add-exports=java.desktop/sun.awt=ALL-UNNAMED --add-exports=java.naming/com.sun.jndi.ldap=ALL-UNNAMED --add-opens=java.base/java.lang=ALL-UNNAMED --add-opens=java.base/java.lang.invoke=ALL-UNNAMED --add-opens=java.base/java.lang.reflect=ALL-UNNAMED --add-opens=java.base/java.io=ALL-UNNAMED --add-opens=java.base/java.security=ALL-UNNAMED --add-opens=java.base/java.util=ALL-UNNAMED --add-opens=java.base/java.util.concurrent=ALL-UNNAMED --add-opens=java.management/javax.management=ALL-UNNAMED --add-opens=java.naming/javax.naming=ALL-UNNAMED -Dorg.jboss.boot.log.file=/mnt/c/Users/roman/lab4/wildfly/standalone/log/server.log -Dlogging.configuration=file:/mnt/c/Users/roman/lab4/wildfly/standalone/configuration/logging.properties 
2024-01-05 22:35:31,455 INFO  [org.wildfly.security] (ServerService Thread Pool -- 27) ELY00001: WildFly Elytron version 1.17.1.Final
2024-01-05 22:35:34,490 INFO  [org.jboss.as.server] (Controller Boot Thread) WFLYSRV0039: Creating http management service using socket-binding (management-http)
2024-01-05 22:35:34,518 INFO  [org.xnio] (MSC service thread 1-3) XNIO version 3.8.4.Final
2024-01-05 22:35:34,529 INFO  [org.xnio.nio] (MSC service thread 1-3) XNIO NIO Implementation Version 3.8.4.Final
2024-01-05 22:35:34,575 INFO  [org.jboss.as.clustering.infinispan] (ServerService Thread Pool -- 54) WFLYCLINF0001: Activating Infinispan subsystem.
2024-01-05 22:35:34,578 INFO  [org.wildfly.extension.elytron.oidc._private] (ServerService Thread Pool -- 52) WFLYOIDC0001: Activating WildFly Elytron OIDC Subsystem
2024-01-05 22:35:34,582 INFO  [org.wildfly.extension.microprofile.config.smallrye] (ServerService Thread Pool -- 64) WFLYCONF0001: Activating MicroProfile Config Subsystem
2024-01-05 22:35:34,585 INFO  [org.wildfly.extension.health] (ServerService Thread Pool -- 53) WFLYHEALTH0001: Activating Base Health Subsystem
2024-01-05 22:35:34,585 INFO  [org.wildfly.extension.io] (ServerService Thread Pool -- 55) WFLYIO001: Worker 'default' has auto-configured to 16 IO threads with 128 max task threads based on your 8 available processors
2024-01-05 22:35:34,589 INFO  [org.wildfly.extension.microprofile.jwt.smallrye] (ServerService Thread Pool -- 65) WFLYJWT0001: Activating MicroProfile JWT Subsystem
2024-01-05 22:35:34,600 INFO  [org.jboss.as.naming] (ServerService Thread Pool -- 67) WFLYNAM0001: Activating Naming Subsystem
2024-01-05 22:35:34,600 INFO  [org.jboss.as.jaxrs] (ServerService Thread Pool -- 56) WFLYRS0016: RESTEasy version 4.7.2.Final
2024-01-05 22:35:34,605 INFO  [org.wildfly.extension.microprofile.opentracing] (ServerService Thread Pool -- 66) WFLYTRACEXT0001: Activating MicroProfile OpenTracing Subsystem
2024-01-05 22:35:34,613 WARN  [org.jboss.as.txn] (ServerService Thread Pool -- 74) WFLYTX0013: The node-identifier attribute on the /subsystem=transactions is set to the default value. This is a danger for environments running multiple servers. Please make sure the attribute value is unique.
2024-01-05 22:35:34,626 INFO  [org.jboss.as.jsf] (ServerService Thread Pool -- 61) WFLYJSF0007: Activated the following Jakarta Server Faces Implementations: [main]
2024-01-05 22:35:34,629 INFO  [org.wildfly.extension.metrics] (ServerService Thread Pool -- 63) WFLYMETRICS0001: Activating Base Metrics Subsystem
2024-01-05 22:35:34,634 INFO  [org.jboss.as.connector] (MSC service thread 1-6) WFLYJCA0009: Starting Jakarta Connectors Subsystem (WildFly/IronJacamar 1.5.2.Final)
2024-01-05 22:35:34,658 INFO  [org.jboss.as.webservices] (ServerService Thread Pool -- 76) WFLYWS0002: Activating WebServices Extension
2024-01-05 22:35:34,699 INFO  [org.jboss.as.mail.extension] (MSC service thread 1-6) WFLYMAIL0001: Bound mail session [java:jboss/mail/Default]
2024-01-05 22:35:34,698 INFO  [org.jboss.as.naming] (MSC service thread 1-5) WFLYNAM0003: Starting Naming Service
2024-01-05 22:35:34,700 INFO  [org.jboss.remoting] (MSC service thread 1-8) JBoss Remoting version 5.0.23.Final
2024-01-05 22:35:34,723 INFO  [org.jboss.as.connector.subsystems.datasources] (ServerService Thread Pool -- 44) WFLYJCA0004: Deploying JDBC-compliant driver class org.h2.Driver (version 1.4)
2024-01-05 22:35:34,746 INFO  [org.jboss.as.connector.deployers.jdbc] (MSC service thread 1-3) WFLYJCA0018: Started Driver service with driver-name = h2
2024-01-05 22:35:34,842 INFO  [org.wildfly.extension.undertow] (MSC service thread 1-7) WFLYUT0003: Undertow 2.2.12.Final starting
2024-01-05 22:35:34,899 WARN  [org.wildfly.extension.elytron] (MSC service thread 1-3) WFLYELY00023: KeyStore file '/mnt/c/Users/roman/lab4/wildfly/standalone/configuration/application.keystore' does not exist. Used blank.
2024-01-05 22:35:34,986 WARN  [org.wildfly.extension.elytron] (MSC service thread 1-6) WFLYELY01084: KeyStore /mnt/c/Users/roman/lab4/wildfly/standalone/configuration/application.keystore not found, it will be auto generated on first use with a self-signed certificate for host localhost
2024-01-05 22:35:35,051 INFO  [org.jboss.as.ejb3] (MSC service thread 1-2) WFLYEJB0481: Strict pool slsb-strict-max-pool is using a max instance size of 128 (per class), which is derived from thread worker pool sizing.
2024-01-05 22:35:35,051 INFO  [org.jboss.as.ejb3] (MSC service thread 1-1) WFLYEJB0482: Strict pool mdb-strict-max-pool is using a max instance size of 32 (per class), which is derived from the number of CPUs on this host.
2024-01-05 22:35:35,062 INFO  [org.wildfly.extension.undertow] (ServerService Thread Pool -- 75) WFLYUT0014: Creating file handler for path '/mnt/c/Users/roman/lab4/wildfly/welcome-content' with options [directory-listing: 'false', follow-symlink: 'false', case-sensitive: 'true', safe-symlink-paths: '[]']
2024-01-05 22:35:35,094 INFO  [org.wildfly.extension.undertow] (MSC service thread 1-4) WFLYUT0012: Started server default-server.
2024-01-05 22:35:35,097 INFO  [org.wildfly.extension.undertow] (MSC service thread 1-8) Queuing requests.
2024-01-05 22:35:35,100 INFO  [org.wildfly.extension.undertow] (MSC service thread 1-8) WFLYUT0018: Host default-host starting
2024-01-05 22:35:35,232 INFO  [org.wildfly.extension.undertow] (MSC service thread 1-5) WFLYUT0006: Undertow HTTP listener default listening on 127.0.0.1:1488
2024-01-05 22:35:35,351 INFO  [org.wildfly.extension.undertow] (MSC service thread 1-4) WFLYUT0006: Undertow HTTPS listener https listening on 127.0.0.1:8443
2024-01-05 22:35:35,396 INFO  [org.jboss.as.ejb3] (MSC service thread 1-8) WFLYEJB0493: Jakarta Enterprise Beans subsystem suspension complete
2024-01-05 22:35:35,502 INFO  [org.jboss.as.connector.subsystems.datasources] (MSC service thread 1-4) WFLYJCA0001: Bound data source [java:jboss/datasources/ExampleDS]
