2024-01-06 00:00:09,560 INFO  [org.jboss.weld.deployer] (MSC service thread 1-8) WFLYWELD0003: Processing weld deployment web4.war
2024-01-06 00:00:09,768 INFO  [org.hibernate.validator.internal.util.Version] (MSC service thread 1-8) HV000001: Hibernate Validator 7.0.1.Final
2024-01-06 00:00:10,011 INFO  [org.jboss.as.ejb3.deployment] (MSC service thread 1-8) WFLYEJB0473: JNDI bindings for session bean named 'AuthBean' in deployment unit 'deployment "web4.war"' are as follows:

	java:global/web4/AuthBean!beans.AuthBean
	java:app/web4/AuthBean!beans.AuthBean
	java:module/AuthBean!beans.AuthBean
	java:global/web4/AuthBean
	java:app/web4/AuthBean
	java:module/AuthBean

2024-01-06 00:00:10,012 INFO  [org.jboss.as.ejb3.deployment] (MSC service thread 1-8) WFLYEJB0473: JNDI bindings for session bean named 'TokensBean' in deployment unit 'deployment "web4.war"' are as follows:

	java:global/web4/TokensBean!beans.TokensBean
	java:app/web4/TokensBean!beans.TokensBean
	java:module/TokensBean!beans.TokensBean
	java:global/web4/TokensBean
	java:app/web4/TokensBean
	java:module/TokensBean

2024-01-06 00:00:10,013 INFO  [org.jboss.as.ejb3.deployment] (MSC service thread 1-8) WFLYEJB0473: JNDI bindings for session bean named 'ResultsBean' in deployment unit 'deployment "web4.war"' are as follows:

	java:global/web4/ResultsBean!beans.ResultsBean
	java:app/web4/ResultsBean!beans.ResultsBean
	java:module/ResultsBean!beans.ResultsBean
	java:global/web4/ResultsBean
	java:app/web4/ResultsBean
	java:module/ResultsBean

2024-01-06 00:00:10,595 INFO  [io.jaegertracing.internal.JaegerTracer] (MSC service thread 1-8) No shutdown hook registered: Please call close() manually on application shutdown.
2024-01-06 00:00:10,597 INFO  [org.wildfly.microprofile.opentracing.smallrye] (MSC service thread 1-8) WFLYTRAC0001: Tracer initialized: JaegerTracer(version=Java-1.6.0, serviceName=web4.war, reporter=RemoteReporter(sender=org.wildfly.extension.microprofile.opentracing.spi.sender.WildFlySender@2b5a26bd, closeEnqueueTimeout=1000), sampler=ConstSampler(decision=true, tags={sampler.type=const, sampler.param=true}), tags={hostname=Roman, jaeger.version=Java-1.6.0, ip=127.0.1.1}, zipkinSharedRpcSpan=false, expandExceptionLogs=false, useTraceId128Bit=false)
2024-01-06 00:00:10,737 INFO  [org.infinispan.CONTAINER] (ServerService Thread Pool -- 80) ISPN000128: Infinispan version: Infinispan 'Taedonggang' 12.1.7.Final
2024-01-06 00:00:10,824 INFO  [org.infinispan.CONFIG] (MSC service thread 1-2) ISPN000152: Passivation configured without an eviction policy being selected. Only manually evicted entities will be passivated.
2024-01-06 00:00:10,826 INFO  [org.infinispan.CONFIG] (MSC service thread 1-2) ISPN000152: Passivation configured without an eviction policy being selected. Only manually evicted entities will be passivated.
2024-01-06 00:00:10,863 WARN  [org.jboss.as.jaxrs] (MSC service thread 1-7) WFLYRS0018: Explicit usage of Jackson annotation in a Jakarta RESTful Web Services deployment; the system will disable Jakarta JSON Binding processing for the current deployment. Consider setting the 'resteasy.preferJacksonOverJsonB' property to 'false' to restore Jakarta JSON Binding.
2024-01-06 00:00:10,872 INFO  [org.jboss.as.connector.deployers.jdbc] (MSC service thread 1-7) WFLYJCA0005: Deploying non-JDBC-compliant driver class org.postgresql.Driver (version 42.3)
2024-01-06 00:00:10,923 INFO  [org.infinispan.CONTAINER] (ServerService Thread Pool -- 80) ISPN000556: Starting user marshaller 'org.wildfly.clustering.infinispan.spi.marshalling.InfinispanProtoStreamMarshaller'
2024-01-06 00:00:10,949 INFO  [org.jboss.weld.Version] (MSC service thread 1-7) WELD-000900: 4.0.2 (Final)
2024-01-06 00:00:11,050 INFO  [org.jboss.as.connector.deployers.jdbc] (MSC service thread 1-1) WFLYJCA0018: Started Driver service with driver-name = web4.war_org.postgresql.Driver_42_3
2024-01-06 00:00:11,084 INFO  [org.infinispan.CONTAINER] (ServerService Thread Pool -- 80) ISPN000025: wakeUpInterval is <= 0, not starting expired purge thread
2024-01-06 00:00:11,122 INFO  [org.jboss.as.clustering.infinispan] (ServerService Thread Pool -- 80) WFLYCLINF0002: Started http-remoting-connector cache from ejb container
2024-01-06 00:00:11,470 WARN  [org.jboss.weld.Bootstrap] (MSC service thread 1-7) WELD-000146: BeforeBeanDiscovery.addAnnotatedType(AnnotatedType<?>) used for class com.sun.faces.flow.FlowDiscoveryCDIHelper is deprecated from CDI 1.1!
2024-01-06 00:00:11,818 WARN  [org.jboss.weld.Bootstrap] (Weld Thread Pool -- 1) WELD-000167: Class org.jboss.resteasy.core.AsynchronousDispatcher is annotated with @RequestScoped but it does not declare an appropriate constructor therefore is not registered as a bean!
2024-01-06 00:00:12,350 INFO  [jakarta.enterprise.resource.webcontainer.jsf.config] (ServerService Thread Pool -- 82) Initializing Mojarra 3.0.0.SP04 for context ''
2024-01-06 00:00:14,894 INFO  [org.wildfly.extension.undertow] (ServerService Thread Pool -- 82) WFLYUT0021: Registered web context: '/' for server 'default-server'
2024-01-06 00:00:14,964 INFO  [org.jboss.as.server] (ServerService Thread Pool -- 45) WFLYSRV0010: Deployed "web4.war" (runtime-name : "web4.war")
2024-01-06 00:00:15,044 INFO  [org.jboss.as.server] (Controller Boot Thread) WFLYSRV0212: Resuming server
2024-01-06 00:00:15,046 INFO  [org.jboss.as] (Controller Boot Thread) WFLYSRV0025: WildFly Preview 25.0.0.Final (WildFly Core 17.0.1.Final) started in 49519ms - Started 528 of 727 services (341 services are lazy, passive or on-demand)
2024-01-06 00:00:15,051 INFO  [org.jboss.as] (Controller Boot Thread) WFLYSRV0060: Http management interface listening on http://127.0.0.1:1337/management
2024-01-06 00:00:15,052 INFO  [org.jboss.as] (Controller Boot Thread) WFLYSRV0051: Admin console listening on http://127.0.0.1:1337
2024-01-06 00:00:33,756 INFO  [org.jboss.as.connector.deployers.jdbc] (MSC service thread 1-3) WFLYJCA0019: Stopped Driver service with driver-name = web4.war_org.postgresql.Driver_42_3
2024-01-06 00:00:33,759 INFO  [org.wildfly.extension.undertow] (ServerService Thread Pool -- 6) WFLYUT0022: Unregistered web context: '/' from server 'default-server'
2024-01-06 00:00:33,762 WARNING [jakarta.enterprise.resource.webcontainer.jsf.config] (ServerService Thread Pool -- 6) Unexpected state during contextDestroyed: no ConfigManager instance in current ServletContext but one is expected to exist.
2024-01-06 00:00:35,909 INFO  [org.jboss.as.server.deployment] (MSC service thread 1-7) WFLYSRV0028: Stopped deployment web4.war (runtime-name: web4.war) in 2158ms
2024-01-06 00:00:35,990 INFO  [org.jboss.as.server] (External Management Request Threads -- 1) WFLYSRV0009: Undeployed "web4.war" (runtime-name: "web4.war")
2024-01-06 00:00:36,012 INFO  [org.jboss.as.repository] (External Management Request Threads -- 1) WFLYDR0002: Content removed from location /mnt/c/Users/roman/lab4/wildfly/standalone/data/content/30/4665b7f99bfb194de821b46a6354e08f51311e/content
2024-01-06 00:00:40,118 INFO  [org.jboss.as.server.deployment.scanner] (DeploymentScanner-threads - 1) WFLYDS0019: Deployment web4.war was previously deployed by this scanner but has been removed from the server deployment list by another management tool. Marker file /mnt/c/Users/roman/lab4/wildfly/standalone/deployments/web4.war.undeployed is being added to record this fact.
2024-01-06 00:01:01,638 INFO  [org.jboss.as.server] (Thread-1) WFLYSRV0272: Suspending server
2024-01-06 00:01:01,641 INFO  [org.jboss.as.ejb3] (Thread-1) WFLYEJB0493: Jakarta Enterprise Beans subsystem suspension complete
2024-01-06 00:01:01,643 INFO  [org.jboss.as.server] (Thread-1) WFLYSRV0220: Server shutdown has been requested via an OS signal
2024-01-06 00:01:01,652 INFO  [org.wildfly.extension.undertow] (MSC service thread 1-4) WFLYUT0019: Host default-host stopping
2024-01-06 00:01:01,661 INFO  [org.jboss.as.mail.extension] (MSC service thread 1-2) WFLYMAIL0002: Unbound mail session [java:jboss/mail/Default]
2024-01-06 00:01:01,663 INFO  [org.jboss.as.connector.subsystems.datasources] (MSC service thread 1-4) WFLYJCA0010: Unbound data source [java:jboss/datasources/ExampleDS]
2024-01-06 00:01:01,668 INFO  [org.wildfly.extension.undertow] (MSC service thread 1-4) WFLYUT0008: Undertow HTTPS listener https suspending
2024-01-06 00:01:01,677 INFO  [org.jboss.as.connector.deployers.jdbc] (MSC service thread 1-1) WFLYJCA0019: Stopped Driver service with driver-name = h2
2024-01-06 00:01:01,679 INFO  [org.wildfly.extension.undertow] (MSC service thread 1-4) WFLYUT0007: Undertow HTTPS listener https stopped, was bound to 127.0.0.1:8443
2024-01-06 00:01:01,681 INFO  [org.wildfly.extension.undertow] (MSC service thread 1-8) WFLYUT0008: Undertow HTTP listener default suspending
2024-01-06 00:01:01,687 INFO  [org.wildfly.extension.undertow] (MSC service thread 1-8) WFLYUT0007: Undertow HTTP listener default stopped, was bound to 127.0.0.1:1488
2024-01-06 00:01:01,689 INFO  [org.jboss.as.clustering.infinispan] (ServerService Thread Pool -- 6) WFLYCLINF0003: Stopped http-remoting-connector cache from ejb container
2024-01-06 00:01:01,692 INFO  [org.wildfly.extension.undertow] (MSC service thread 1-2) WFLYUT0004: Undertow 2.2.12.Final stopping
2024-01-06 00:01:01,692 INFO  [org.infinispan.manager.DefaultCacheManager] (ServerService Thread Pool -- 6) Stopping cache manager null on null
2024-01-06 00:01:01,715 INFO  [org.jboss.as] (MSC service thread 1-2) WFLYSRV0050: WildFly Preview 25.0.0.Final (WildFly Core 17.0.1.Final) stopped in 69ms
2024-01-06 00:01:04,494 INFO  [org.jboss.modules] (main) JBoss Modules version 1.12.0.Final
2024-01-06 00:01:05,383 INFO  [org.jboss.msc] (main) JBoss MSC version 1.4.13.Final
2024-01-06 00:01:05,396 INFO  [org.jboss.threads] (main) JBoss Threads version 2.4.0.Final
2024-01-06 00:01:05,597 INFO  [org.jboss.as] (MSC service thread 1-2) WFLYSRV0049: WildFly Preview 25.0.0.Final (WildFly Core 17.0.1.Final) starting
2024-01-06 00:01:05,598 DEBUG [org.jboss.as.config] (MSC service thread 1-2) Configured system properties:
	[Standalone] = 
	file.encoding = UTF-8
	file.separator = /
	java.awt.headless = true
	java.class.path = /mnt/c/Users/roman/lab4/wildfly/jboss-modules.jar
	java.class.version = 61.0
	java.home = /usr/lib/jvm/java-17-openjdk-amd64
	java.io.tmpdir = /tmp
	java.library.path = /usr/java/packages/lib:/usr/lib/x86_64-linux-gnu/jni:/lib/x86_64-linux-gnu:/usr/lib/x86_64-linux-gnu:/usr/lib/jni:/lib:/usr/lib
	java.net.preferIPv4Stack = true
	java.runtime.name = OpenJDK Runtime Environment
	java.runtime.version = 17.0.9+9-Ubuntu-122.04
	java.specification.name = Java Platform API Specification
	java.specification.vendor = Oracle Corporation
	java.specification.version = 17
	java.util.logging.manager = org.jboss.logmanager.LogManager
	java.vendor = Private Build
	java.vendor.url = Unknown
	java.vendor.url.bug = Unknown
	java.version = 17.0.9
	java.version.date = 2023-10-17
	java.vm.compressedOopsMode = 32-bit
	java.vm.info = mixed mode, sharing
	java.vm.name = OpenJDK 64-Bit Server VM
	java.vm.specification.name = Java Virtual Machine Specification
	java.vm.specification.vendor = Oracle Corporation
	java.vm.specification.version = 17
	java.vm.vendor = Private Build
	java.vm.version = 17.0.9+9-Ubuntu-122.04
	javax.management.builder.initial = org.jboss.as.jmx.PluggableMBeanServerBuilder
	jboss.home.dir = /mnt/c/Users/roman/lab4/wildfly
	jboss.host.name = roman
	jboss.modules.dir = /mnt/c/Users/roman/lab4/wildfly/modules
	jboss.modules.system.pkgs = org.jboss.byteman
	jboss.node.name = roman
	jboss.qualified.host.name = roman
	jboss.server.base.dir = /mnt/c/Users/roman/lab4/wildfly/standalone
	jboss.server.config.dir = /mnt/c/Users/roman/lab4/wildfly/standalone/configuration
	jboss.server.data.dir = /mnt/c/Users/roman/lab4/wildfly/standalone/data
	jboss.server.deploy.dir = /mnt/c/Users/roman/lab4/wildfly/standalone/data/content
	jboss.server.log.dir = /mnt/c/Users/roman/lab4/wildfly/standalone/log
	jboss.server.name = roman
	jboss.server.persist.config = true
	jboss.server.temp.dir = /mnt/c/Users/roman/lab4/wildfly/standalone/tmp
	jdk.debug = release
	line.separator = 

	logging.configuration = file:/mnt/c/Users/roman/lab4/wildfly/standalone/configuration/logging.properties
	module.path = /mnt/c/Users/roman/lab4/wildfly/modules
	native.encoding = UTF-8
	org.jboss.boot.log.file = /mnt/c/Users/roman/lab4/wildfly/standalone/log/server.log
	org.jboss.resolver.warning = true
	os.arch = amd64
	os.name = Linux
	os.version = 5.15.133.1-microsoft-standard-WSL2
	path.separator = :
	sun.arch.data.model = 64
	sun.boot.library.path = /usr/lib/jvm/java-17-openjdk-amd64/lib
	sun.cpu.endian = little
	sun.io.unicode.encoding = UnicodeLittle
	sun.java.command = /mnt/c/Users/roman/lab4/wildfly/jboss-modules.jar -mp /mnt/c/Users/roman/lab4/wildfly/modules org.jboss.as.standalone -Djboss.home.dir=/mnt/c/Users/roman/lab4/wildfly -Djboss.server.base.dir=/mnt/c/Users/roman/lab4/wildfly/standalone
	sun.java.launcher = SUN_STANDARD
	sun.jnu.encoding = UTF-8
	sun.management.compiler = HotSpot 64-Bit Tiered Compilers
	sun.stderr.encoding = UTF-8
	sun.stdout.encoding = UTF-8
	user.dir = /mnt/c/Users/roman/lab4/wildfly/bin
	user.home = /home/roman
	user.language = en
	user.name = roman
	user.timezone = Europe/Moscow
2024-01-06 00:01:05,600 DEBUG [org.jboss.as.config] (MSC service thread 1-2) VM Arguments: -D[Standalone] -Xms64m -Xmx512m -XX:MetaspaceSize=96M -XX:MaxMetaspaceSize=256m -Djava.net.preferIPv4Stack=true -Djboss.modules.system.pkgs=org.jboss.byteman -Djava.awt.headless=true --add-exports=java.desktop/sun.awt=ALL-UNNAMED --add-exports=java.naming/com.sun.jndi.ldap=ALL-UNNAMED --add-opens=java.base/java.lang=ALL-UNNAMED --add-opens=java.base/java.lang.invoke=ALL-UNNAMED --add-opens=java.base/java.lang.reflect=ALL-UNNAMED --add-opens=java.base/java.io=ALL-UNNAMED --add-opens=java.base/java.security=ALL-UNNAMED --add-opens=java.base/java.util=ALL-UNNAMED --add-opens=java.base/java.util.concurrent=ALL-UNNAMED --add-opens=java.management/javax.management=ALL-UNNAMED --add-opens=java.naming/javax.naming=ALL-UNNAMED -Dorg.jboss.boot.log.file=/mnt/c/Users/roman/lab4/wildfly/standalone/log/server.log -Dlogging.configuration=file:/mnt/c/Users/roman/lab4/wildfly/standalone/configuration/logging.properties 
2024-01-06 00:01:07,081 INFO  [org.wildfly.security] (ServerService Thread Pool -- 27) ELY00001: WildFly Elytron version 1.17.1.Final
2024-01-06 00:01:08,001 INFO  [org.jboss.as.server] (Controller Boot Thread) WFLYSRV0039: Creating http management service using socket-binding (management-http)
2024-01-06 00:01:08,021 INFO  [org.xnio] (MSC service thread 1-3) XNIO version 3.8.4.Final
2024-01-06 00:01:08,037 INFO  [org.xnio.nio] (MSC service thread 1-3) XNIO NIO Implementation Version 3.8.4.Final
2024-01-06 00:01:08,079 INFO  [org.wildfly.extension.elytron.oidc._private] (ServerService Thread Pool -- 52) WFLYOIDC0001: Activating WildFly Elytron OIDC Subsystem
2024-01-06 00:01:08,092 INFO  [org.jboss.as.clustering.infinispan] (ServerService Thread Pool -- 54) WFLYCLINF0001: Activating Infinispan subsystem.
2024-01-06 00:01:08,094 INFO  [org.wildfly.extension.health] (ServerService Thread Pool -- 53) WFLYHEALTH0001: Activating Base Health Subsystem
2024-01-06 00:01:08,098 INFO  [org.wildfly.extension.io] (ServerService Thread Pool -- 55) WFLYIO001: Worker 'default' has auto-configured to 16 IO threads with 128 max task threads based on your 8 available processors
2024-01-06 00:01:08,099 INFO  [org.jboss.as.jaxrs] (ServerService Thread Pool -- 56) WFLYRS0016: RESTEasy version 4.7.2.Final
2024-01-06 00:01:08,114 INFO  [org.wildfly.extension.microprofile.config.smallrye] (ServerService Thread Pool -- 64) WFLYCONF0001: Activating MicroProfile Config Subsystem
2024-01-06 00:01:08,115 INFO  [org.wildfly.extension.microprofile.jwt.smallrye] (ServerService Thread Pool -- 65) WFLYJWT0001: Activating MicroProfile JWT Subsystem
2024-01-06 00:01:08,134 INFO  [org.jboss.as.naming] (ServerService Thread Pool -- 67) WFLYNAM0001: Activating Naming Subsystem
2024-01-06 00:01:08,137 INFO  [org.jboss.as.connector] (MSC service thread 1-1) WFLYJCA0009: Starting Jakarta Connectors Subsystem (WildFly/IronJacamar 1.5.2.Final)
2024-01-06 00:01:08,138 INFO  [org.jboss.remoting] (MSC service thread 1-5) JBoss Remoting version 5.0.23.Final
2024-01-06 00:01:08,139 INFO  [org.jboss.as.jsf] (ServerService Thread Pool -- 61) WFLYJSF0007: Activated the following Jakarta Server Faces Implementations: [main]
2024-01-06 00:01:08,144 INFO  [org.wildfly.extension.metrics] (ServerService Thread Pool -- 63) WFLYMETRICS0001: Activating Base Metrics Subsystem
2024-01-06 00:01:08,173 INFO  [org.wildfly.extension.microprofile.opentracing] (ServerService Thread Pool -- 66) WFLYTRACEXT0001: Activating MicroProfile OpenTracing Subsystem
2024-01-06 00:01:08,175 INFO  [org.jboss.as.connector.subsystems.datasources] (ServerService Thread Pool -- 44) WFLYJCA0004: Deploying JDBC-compliant driver class org.h2.Driver (version 1.4)
2024-01-06 00:01:08,170 WARN  [org.jboss.as.txn] (ServerService Thread Pool -- 74) WFLYTX0013: The node-identifier attribute on the /subsystem=transactions is set to the default value. This is a danger for environments running multiple servers. Please make sure the attribute value is unique.
2024-01-06 00:01:08,184 INFO  [org.jboss.as.connector.deployers.jdbc] (MSC service thread 1-7) WFLYJCA0018: Started Driver service with driver-name = h2
2024-01-06 00:01:08,190 INFO  [org.jboss.as.webservices] (ServerService Thread Pool -- 76) WFLYWS0002: Activating WebServices Extension
2024-01-06 00:01:08,192 INFO  [org.jboss.as.naming] (MSC service thread 1-1) WFLYNAM0003: Starting Naming Service
2024-01-06 00:01:08,193 INFO  [org.jboss.as.mail.extension] (MSC service thread 1-2) WFLYMAIL0001: Bound mail session [java:jboss/mail/Default]
2024-01-06 00:01:08,316 WARN  [org.wildfly.extension.elytron] (MSC service thread 1-8) WFLYELY00023: KeyStore file '/mnt/c/Users/roman/lab4/wildfly/standalone/configuration/application.keystore' does not exist. Used blank.
2024-01-06 00:01:08,351 INFO  [org.wildfly.extension.undertow] (MSC service thread 1-1) WFLYUT0003: Undertow 2.2.12.Final starting
2024-01-06 00:01:08,378 WARN  [org.wildfly.extension.elytron] (MSC service thread 1-6) WFLYELY01084: KeyStore /mnt/c/Users/roman/lab4/wildfly/standalone/configuration/application.keystore not found, it will be auto generated on first use with a self-signed certificate for host localhost
2024-01-06 00:01:08,379 INFO  [org.jboss.as.ejb3] (MSC service thread 1-4) WFLYEJB0482: Strict pool mdb-strict-max-pool is using a max instance size of 32 (per class), which is derived from the number of CPUs on this host.
2024-01-06 00:01:08,380 INFO  [org.jboss.as.ejb3] (MSC service thread 1-7) WFLYEJB0481: Strict pool slsb-strict-max-pool is using a max instance size of 128 (per class), which is derived from thread worker pool sizing.
2024-01-06 00:01:08,507 INFO  [org.wildfly.extension.undertow] (ServerService Thread Pool -- 75) WFLYUT0014: Creating file handler for path '/mnt/c/Users/roman/lab4/wildfly/welcome-content' with options [directory-listing: 'false', follow-symlink: 'false', case-sensitive: 'true', safe-symlink-paths: '[]']
2024-01-06 00:01:08,512 INFO  [org.wildfly.extension.undertow] (MSC service thread 1-6) WFLYUT0012: Started server default-server.
2024-01-06 00:01:08,515 INFO  [org.wildfly.extension.undertow] (MSC service thread 1-6) Queuing requests.
2024-01-06 00:01:08,521 INFO  [org.wildfly.extension.undertow] (MSC service thread 1-6) WFLYUT0018: Host default-host starting
2024-01-06 00:01:08,566 INFO  [org.wildfly.extension.undertow] (MSC service thread 1-1) WFLYUT0006: Undertow HTTP listener default listening on 127.0.0.1:1488
2024-01-06 00:01:08,673 INFO  [org.wildfly.extension.undertow] (MSC service thread 1-1) WFLYUT0006: Undertow HTTPS listener https listening on 127.0.0.1:8443
2024-01-06 00:01:08,719 INFO  [org.jboss.as.ejb3] (MSC service thread 1-5) WFLYEJB0493: Jakarta Enterprise Beans subsystem suspension complete
2024-01-06 00:01:08,824 INFO  [org.jboss.as.connector.subsystems.datasources] (MSC service thread 1-8) WFLYJCA0001: Bound data source [java:jboss/datasources/ExampleDS]
2024-01-06 00:01:09,150 INFO  [org.jboss.as.patching] (MSC service thread 1-8) WFLYPAT0050: WildFly Preview cumulative patch ID is: base, one-off patches include: none
2024-01-06 00:01:09,150 INFO  [org.jboss.as.server.deployment.scanner] (MSC service thread 1-5) WFLYDS0013: Started FileSystemDeploymentService for directory /mnt/c/Users/roman/lab4/wildfly/standalone/deployments
2024-01-06 00:01:09,409 INFO  [org.jboss.ws.common.management] (MSC service thread 1-1) JBWS022052: Starting JBossWS 5.4.4.Final (Apache CXF 3.4.4) 
2024-01-06 00:01:09,538 INFO  [org.jboss.as.server] (Controller Boot Thread) WFLYSRV0212: Resuming server
2024-01-06 00:01:09,541 INFO  [org.jboss.as] (Controller Boot Thread) WFLYSRV0025: WildFly Preview 25.0.0.Final (WildFly Core 17.0.1.Final) started in 5749ms - Started 298 of 538 services (337 services are lazy, passive or on-demand)
2024-01-06 00:01:09,549 INFO  [org.jboss.as] (Controller Boot Thread) WFLYSRV0060: Http management interface listening on http://127.0.0.1:1337/management
2024-01-06 00:01:09,550 INFO  [org.jboss.as] (Controller Boot Thread) WFLYSRV0051: Admin console listening on http://127.0.0.1:1337
2024-01-06 00:10:36,666 INFO  [org.jboss.as.server] (Thread-1) WFLYSRV0272: Suspending server
2024-01-06 00:10:36,670 INFO  [org.jboss.as.ejb3] (Thread-1) WFLYEJB0493: Jakarta Enterprise Beans subsystem suspension complete
2024-01-06 00:10:36,673 INFO  [org.jboss.as.server] (Thread-1) WFLYSRV0220: Server shutdown has been requested via an OS signal
2024-01-06 00:10:36,689 INFO  [org.jboss.as.connector.subsystems.datasources] (MSC service thread 1-3) WFLYJCA0010: Unbound data source [java:jboss/datasources/ExampleDS]
2024-01-06 00:10:36,691 INFO  [org.jboss.as.mail.extension] (MSC service thread 1-8) WFLYMAIL0002: Unbound mail session [java:jboss/mail/Default]
2024-01-06 00:10:36,692 INFO  [org.wildfly.extension.undertow] (MSC service thread 1-6) WFLYUT0019: Host default-host stopping
2024-01-06 00:10:36,694 INFO  [org.wildfly.extension.undertow] (MSC service thread 1-4) WFLYUT0008: Undertow HTTPS listener https suspending
2024-01-06 00:10:36,695 INFO  [org.wildfly.extension.undertow] (MSC service thread 1-5) WFLYUT0008: Undertow HTTP listener default suspending
2024-01-06 00:10:36,695 INFO  [org.wildfly.extension.undertow] (MSC service thread 1-4) WFLYUT0007: Undertow HTTPS listener https stopped, was bound to 127.0.0.1:8443
2024-01-06 00:10:36,695 INFO  [org.wildfly.extension.undertow] (MSC service thread 1-5) WFLYUT0007: Undertow HTTP listener default stopped, was bound to 127.0.0.1:1488
2024-01-06 00:10:36,702 INFO  [org.wildfly.extension.undertow] (MSC service thread 1-3) WFLYUT0004: Undertow 2.2.12.Final stopping
2024-01-06 00:10:36,702 INFO  [org.jboss.as.connector.deployers.jdbc] (MSC service thread 1-5) WFLYJCA0019: Stopped Driver service with driver-name = h2
2024-01-06 00:10:36,718 INFO  [org.jboss.as] (MSC service thread 1-7) WFLYSRV0050: WildFly Preview 25.0.0.Final (WildFly Core 17.0.1.Final) stopped in 37ms
